<?xml version="1.0" encoding="utf-8"?>
<shfbBuild product="Sandcastle Help File Builder and Tools" version="2017.5.15.0" projectFile="C:\Users\TimYo\Documents\Visual Studio 2015\Projects\SpriteLibrary\SpriteLibrary\Doc\SpriteLibrary.shfbproj" started="9/25/2017 6:38:24 PM">
<buildStep step="Initializing">
Finding tools...
The Sandcastle tools are located in &#39;C:\Program Files (x86)\EWSoftware\Sandcastle Help File Builder\&#39;
Locating components in the following folder(s):
    C:\Users\TimYo\Documents\Visual Studio 2015\Projects\SpriteLibrary\SpriteLibrary\Doc
    C:\ProgramData\EWSoftware\Sandcastle Help File Builder\Components and Plug-Ins\
    C:\Program Files (x86)\EWSoftware\Sandcastle Help File Builder\
Using framework reflection data for &#39;.NET Framework 4.5&#39; located in &#39;C:\Program Files (x86)\EWSoftware\Sandcastle Help File Builder\Data\.NETFramework&#39;
Using presentation style &#39;VS2013&#39; located in &#39;C:\Program Files (x86)\EWSoftware\Sandcastle Help File Builder\PresentationStyles\VS2013&#39;
Loading and initializing plug-ins...
Lightweight Website Style Version 2017.5.15.0
Copyright &#169; 2006-2017, Eric Woodruff, All Rights Reserved
Portions Copyright &#169; 2014, Sam Harwell, All Rights Reserved
-------------------------------
Clearing any prior web/markdown output...
</buildStep>
<buildStep step="ValidatingDocumentationSources">
Validating and copying documentation source information
Source: C:\Users\TimYo\Documents\Visual Studio 2015\Projects\SpriteLibrary\SpriteLibrary\bin\Release\SpriteLibrary.XML
Source: C:\Users\TimYo\Documents\Visual Studio 2015\Projects\SpriteLibrary\SpriteLibrary\bin\Release\SpriteLibrary.dll
    Found assembly &#39;C:\Users\TimYo\Documents\Visual Studio 2015\Projects\SpriteLibrary\SpriteLibrary\bin\Release\SpriteLibrary.dll&#39;

Copying XML comments files
    C:\Users\TimYo\Documents\Visual Studio 2015\Projects\SpriteLibrary\SpriteLibrary\bin\Release\SpriteLibrary.XML -&gt; C:\Users\TimYo\Documents\Visual Studio 2015\Projects\SpriteLibrary\SpriteLibrary\Doc\Help\Working\SpriteLibrary.XML
</buildStep>
<buildStep step="GenerateSharedContent">
Generating shared content files (en-US, English (United States))...
<plugIn name="Lightweight Website Style" behavior="After" priority="1000">
</plugIn>    Last step completed in 00:00:00.0255
</buildStep>
<buildStep step="GenerateApiFilter">
Generating API filter for MRefBuilder...
    Last step completed in 00:00:00.0085
</buildStep>
<buildStep step="GenerateReflectionInfo">
Generating reflection information...
[C:\Program Files (x86)\MSBuild\14.0\bin\amd64\MSBuild.exe - GenerateRefInfo.proj]
Build started 9/25/2017 6:38:25 PM.
Project &quot;C:\Users\TimYo\Documents\Visual Studio 2015\Projects\SpriteLibrary\SpriteLibrary\Doc\Help\Working\GenerateRefInfo.proj&quot; on node 1 (default targets).
PrepareForBuild:
  Creating directory &quot;obj\Debug\&quot;.
GenerateRefInfo:
  MRefBuilder (v2017.5.15.0)
  Copyright c 2006-2017, Microsoft Corporation, All Rights Reserved.
  Portions Copyright c 2006-2016, Eric Woodruff, All Rights Reserved.
  No source code context base path specified.  Source context information is unavailable.
  Loaded 1 assemblies for reflection and 1 dependency assemblies.
  Wrote information on 1 namespaces, 13 types, and 215 members
  Copying file from &quot;reflection.org&quot; to &quot;reflection.all&quot;.
  XslTransform (v2017.5.15.0)
  Copyright c 2006-2017, Microsoft Corporation, All Rights Reserved.
  Portions Copyright c 2006-2016, Eric Woodruff, All Rights Reserved.
  Applying XSL transformation &#39;C:\Program Files (x86)\EWSoftware\Sandcastle Help File Builder\ProductionTransforms\MergeDuplicates.xsl&#39;.
Done Building Project &quot;C:\Users\TimYo\Documents\Visual Studio 2015\Projects\SpriteLibrary\SpriteLibrary\Doc\Help\Working\GenerateRefInfo.proj&quot; (default targets).

Build succeeded.

Time Elapsed 00:00:00.73
    Last step completed in 00:00:00.9123
</buildStep>
<buildStep step="TransformReflectionInfo">
Transforming reflection output...
[C:\Program Files (x86)\MSBuild\14.0\bin\amd64\MSBuild.exe - TransformManifest.proj]
Build started 9/25/2017 6:38:26 PM.
Project &quot;C:\Users\TimYo\Documents\Visual Studio 2015\Projects\SpriteLibrary\SpriteLibrary\Doc\Help\Working\TransformManifest.proj&quot; on node 1 (default targets).
TransformManifest:
  XslTransform (v2017.5.15.0)
  Copyright c 2006-2017, Microsoft Corporation, All Rights Reserved.
  Portions Copyright c 2006-2016, Eric Woodruff, All Rights Reserved.
  Applying XSL transformation &#39;C:\Program Files (x86)\EWSoftware\Sandcastle Help File Builder\\ProductionTransforms\ApplyVSDocModel.xsl&#39;.
  Copying file from &quot;reflection.xml&quot; to &quot;reflection.nofilenames&quot;.
  XslTransform (v2017.5.15.0)
  Copyright c 2006-2017, Microsoft Corporation, All Rights Reserved.
  Portions Copyright c 2006-2016, Eric Woodruff, All Rights Reserved.
  Applying XSL transformation &#39;C:\Program Files (x86)\EWSoftware\Sandcastle Help File Builder\ProductionTransforms\AddFilenames.xsl&#39;.
  XslTransform (v2017.5.15.0)
  Copyright c 2006-2017, Microsoft Corporation, All Rights Reserved.
  Portions Copyright c 2006-2016, Eric Woodruff, All Rights Reserved.
  Applying XSL transformation &#39;C:\Program Files (x86)\EWSoftware\Sandcastle Help File Builder\ProductionTransforms\ReflectionToManifest.xsl&#39;.
Done Building Project &quot;C:\Users\TimYo\Documents\Visual Studio 2015\Projects\SpriteLibrary\SpriteLibrary\Doc\Help\Working\TransformManifest.proj&quot; (default targets).

Build succeeded.

Time Elapsed 00:00:00.56
    Last step completed in 00:00:00.6896
</buildStep>
<buildStep step="GenerateNamespaceSummaries">
Generating namespace summary information...
    Last step completed in 00:00:00.0305
</buildStep>
<buildStep step="CopyAdditionalContent">
Copying additional content files...
No additional content to copy
    Last step completed in 00:00:00.0050
</buildStep>
<buildStep step="MergeTablesOfContents">
Merging conceptual and additional tables of contents...
    Last step completed in 00:00:00.0010
</buildStep>
<buildStep step="GenerateIntermediateTableOfContents">
Generating intermediate table of contents file...
[C:\Program Files (x86)\MSBuild\14.0\bin\amd64\MSBuild.exe - GenerateIntermediateTOC.proj]
Build started 9/25/2017 6:38:27 PM.
Project &quot;C:\Users\TimYo\Documents\Visual Studio 2015\Projects\SpriteLibrary\SpriteLibrary\Doc\Help\Working\GenerateIntermediateTOC.proj&quot; on node 1 (default targets).
GenerateIntermediateTOC:
  XslTransform (v2017.5.15.0)
  Copyright c 2006-2017, Microsoft Corporation, All Rights Reserved.
  Portions Copyright c 2006-2016, Eric Woodruff, All Rights Reserved.
  Applying XSL transformation &#39;C:\Program Files (x86)\EWSoftware\Sandcastle Help File Builder\\ProductionTransforms\CreateVSToc.xsl&#39;.
Done Building Project &quot;C:\Users\TimYo\Documents\Visual Studio 2015\Projects\SpriteLibrary\SpriteLibrary\Doc\Help\Working\GenerateIntermediateTOC.proj&quot; (default targets).

Build succeeded.

Time Elapsed 00:00:00.13
Generating conceptual content intermediate TOC file...
    Last step completed in 00:00:00.2391
</buildStep>
<buildStep step="CreateBuildAssemblerConfigs">
Creating Sandcastle configuration files...
    sandcastle.config
    Last step completed in 00:00:00.1271
</buildStep>
<buildStep step="MergeCustomConfigs">
Merging custom build component configurations
C:\Users\TimYo\Documents\Visual Studio 2015\Projects\SpriteLibrary\SpriteLibrary\Doc\Help\Working\sandcastle.config
  Updating reference topic configurations.
    Replaced configuration for &#39;Syntax Component&#39; (instance 1) with configuration for &#39;Syntax Component&#39;
  No conceptual content.  Removing conceptual content components.
    Last step completed in 00:00:00.0165
</buildStep>
<buildStep step="BuildTopics">
Building help topics...
[C:\Program Files (x86)\MSBuild\14.0\bin\amd64\MSBuild.exe - BuildTopics.proj]
Build started 9/25/2017 6:38:27 PM.
Project &quot;C:\Users\TimYo\Documents\Visual Studio 2015\Projects\SpriteLibrary\SpriteLibrary\Doc\Help\Working\BuildTopics.proj&quot; on node 1 (default targets).
BuildTopics:
  BuildAssembler (v2017.5.15.0)
  Copyright c 2006-2017, Microsoft Corporation, All Rights Reserved.
  Portions Copyright c 2006-2016, Eric Woodruff, All Rights Reserved.
  Loading configuration...
  Processing topics...
  Processed 248 topic(s)
  CopyFromIndexComponent: &quot;reflection&quot; in-memory cache entries used: 8 of 15.
  CopyFromIndexComponent: &quot;comments&quot; in-memory cache entries used: 1 of 30.
Done Building Project &quot;C:\Users\TimYo\Documents\Visual Studio 2015\Projects\SpriteLibrary\SpriteLibrary\Doc\Help\Working\BuildTopics.proj&quot; (default targets).

Build succeeded.

Time Elapsed 00:00:06.87
    Last step completed in 00:00:07.0197
</buildStep>
<buildStep step="CombiningIntermediateTocFiles">
Combining conceptual and API intermediate TOC files...
    Last step completed in 00:00:00.0110
</buildStep>
<buildStep step="ExtractingHtmlInfo">
Extracting HTML info for HTML Help 1 and/or website...
[C:\Program Files (x86)\MSBuild\14.0\bin\amd64\MSBuild.exe - ExtractHtmlInfo.proj]
Sandcastle Help File Builder and Tools, version 2017.5.15.0
Copyright c 2006-2017, Eric Woodruff, All Rights Reserved
E-Mail: Eric@EWoodruff.us

Using LCID &#39;1033&#39;, code page &#39;65001&#39;, encoding charset &#39;UTF-8&#39;.

Processing website files in C:\Users\TimYo\Documents\Visual Studio 2015\Projects\SpriteLibrary\SpriteLibrary\Doc\Help\Working\Output\Website
Processed 248 HTML files
Sorting keywords and generating See Also indices
Saving website keyword index to C:\Users\TimYo\Documents\Visual Studio 2015\Projects\SpriteLibrary\SpriteLibrary\Doc\Help\Working\WebKI.xml
Saving website table of contents to C:\Users\TimYo\Documents\Visual Studio 2015\Projects\SpriteLibrary\SpriteLibrary\Doc\Help\Working\WebTOC.xml
    Last step completed in 00:00:00.2992
</buildStep>
<buildStep step="CopyStandardHelpContent">
Copying standard help content...
C:\Program Files (x86)\EWSoftware\Sandcastle Help File Builder\PresentationStyles\VS2013\icons\AlertCaution.png -&gt; C:\Users\TimYo\Documents\Visual Studio 2015\Projects\SpriteLibrary\SpriteLibrary\Doc\Help\Working\Output\MSHelpViewer\icons\AlertCaution.png
C:\Program Files (x86)\EWSoftware\Sandcastle Help File Builder\PresentationStyles\VS2013\icons\AlertNote.png -&gt; C:\Users\TimYo\Documents\Visual Studio 2015\Projects\SpriteLibrary\SpriteLibrary\Doc\Help\Working\Output\MSHelpViewer\icons\AlertNote.png
C:\Program Files (x86)\EWSoftware\Sandcastle Help File Builder\PresentationStyles\VS2013\icons\AlertSecurity.png -&gt; C:\Users\TimYo\Documents\Visual Studio 2015\Projects\SpriteLibrary\SpriteLibrary\Doc\Help\Working\Output\MSHelpViewer\icons\AlertSecurity.png
C:\Program Files (x86)\EWSoftware\Sandcastle Help File Builder\PresentationStyles\VS2013\icons\CFW.gif -&gt; C:\Users\TimYo\Documents\Visual Studio 2015\Projects\SpriteLibrary\SpriteLibrary\Doc\Help\Working\Output\MSHelpViewer\icons\CFW.gif
C:\Program Files (x86)\EWSoftware\Sandcastle Help File Builder\PresentationStyles\VS2013\icons\CodeExample.png -&gt; C:\Users\TimYo\Documents\Visual Studio 2015\Projects\SpriteLibrary\SpriteLibrary\Doc\Help\Working\Output\MSHelpViewer\icons\CodeExample.png
C:\Program Files (x86)\EWSoftware\Sandcastle Help File Builder\PresentationStyles\VS2013\icons\favicon.ico -&gt; C:\Users\TimYo\Documents\Visual Studio 2015\Projects\SpriteLibrary\SpriteLibrary\Doc\Help\Working\Output\MSHelpViewer\icons\favicon.ico
C:\Program Files (x86)\EWSoftware\Sandcastle Help File Builder\PresentationStyles\VS2013\icons\privclass.gif -&gt; C:\Users\TimYo\Documents\Visual Studio 2015\Projects\SpriteLibrary\SpriteLibrary\Doc\Help\Working\Output\MSHelpViewer\icons\privclass.gif
C:\Program Files (x86)\EWSoftware\Sandcastle Help File Builder\PresentationStyles\VS2013\icons\privdelegate.gif -&gt; C:\Users\TimYo\Documents\Visual Studio 2015\Projects\SpriteLibrary\SpriteLibrary\Doc\Help\Working\Output\MSHelpViewer\icons\privdelegate.gif
C:\Program Files (x86)\EWSoftware\Sandcastle Help File Builder\PresentationStyles\VS2013\icons\privenumeration.gif -&gt; C:\Users\TimYo\Documents\Visual Studio 2015\Projects\SpriteLibrary\SpriteLibrary\Doc\Help\Working\Output\MSHelpViewer\icons\privenumeration.gif
C:\Program Files (x86)\EWSoftware\Sandcastle Help File Builder\PresentationStyles\VS2013\icons\privevent.gif -&gt; C:\Users\TimYo\Documents\Visual Studio 2015\Projects\SpriteLibrary\SpriteLibrary\Doc\Help\Working\Output\MSHelpViewer\icons\privevent.gif
C:\Program Files (x86)\EWSoftware\Sandcastle Help File Builder\PresentationStyles\VS2013\icons\privextension.gif -&gt; C:\Users\TimYo\Documents\Visual Studio 2015\Projects\SpriteLibrary\SpriteLibrary\Doc\Help\Working\Output\MSHelpViewer\icons\privextension.gif
C:\Program Files (x86)\EWSoftware\Sandcastle Help File Builder\PresentationStyles\VS2013\icons\privfield.gif -&gt; C:\Users\TimYo\Documents\Visual Studio 2015\Projects\SpriteLibrary\SpriteLibrary\Doc\Help\Working\Output\MSHelpViewer\icons\privfield.gif
C:\Program Files (x86)\EWSoftware\Sandcastle Help File Builder\PresentationStyles\VS2013\icons\privinterface.gif -&gt; C:\Users\TimYo\Documents\Visual Studio 2015\Projects\SpriteLibrary\SpriteLibrary\Doc\Help\Working\Output\MSHelpViewer\icons\privinterface.gif
C:\Program Files (x86)\EWSoftware\Sandcastle Help File Builder\PresentationStyles\VS2013\icons\privmethod.gif -&gt; C:\Users\TimYo\Documents\Visual Studio 2015\Projects\SpriteLibrary\SpriteLibrary\Doc\Help\Working\Output\MSHelpViewer\icons\privmethod.gif
C:\Program Files (x86)\EWSoftware\Sandcastle Help File Builder\PresentationStyles\VS2013\icons\privproperty.gif -&gt; C:\Users\TimYo\Documents\Visual Studio 2015\Projects\SpriteLibrary\SpriteLibrary\Doc\Help\Working\Output\MSHelpViewer\icons\privproperty.gif
C:\Program Files (x86)\EWSoftware\Sandcastle Help File Builder\PresentationStyles\VS2013\icons\privstructure.gif -&gt; C:\Users\TimYo\Documents\Visual Studio 2015\Projects\SpriteLibrary\SpriteLibrary\Doc\Help\Working\Output\MSHelpViewer\icons\privstructure.gif
C:\Program Files (x86)\EWSoftware\Sandcastle Help File Builder\PresentationStyles\VS2013\icons\protclass.gif -&gt; C:\Users\TimYo\Documents\Visual Studio 2015\Projects\SpriteLibrary\SpriteLibrary\Doc\Help\Working\Output\MSHelpViewer\icons\protclass.gif
C:\Program Files (x86)\EWSoftware\Sandcastle Help File Builder\PresentationStyles\VS2013\icons\protdelegate.gif -&gt; C:\Users\TimYo\Documents\Visual Studio 2015\Projects\SpriteLibrary\SpriteLibrary\Doc\Help\Working\Output\MSHelpViewer\icons\protdelegate.gif
C:\Program Files (x86)\EWSoftware\Sandcastle Help File Builder\PresentationStyles\VS2013\icons\protenumeration.gif -&gt; C:\Users\TimYo\Documents\Visual Studio 2015\Projects\SpriteLibrary\SpriteLibrary\Doc\Help\Working\Output\MSHelpViewer\icons\protenumeration.gif
C:\Program Files (x86)\EWSoftware\Sandcastle Help File Builder\PresentationStyles\VS2013\icons\protevent.gif -&gt; C:\Users\TimYo\Documents\Visual Studio 2015\Projects\SpriteLibrary\SpriteLibrary\Doc\Help\Working\Output\MSHelpViewer\icons\protevent.gif
C:\Program Files (x86)\EWSoftware\Sandcastle Help File Builder\PresentationStyles\VS2013\icons\protextension.gif -&gt; C:\Users\TimYo\Documents\Visual Studio 2015\Projects\SpriteLibrary\SpriteLibrary\Doc\Help\Working\Output\MSHelpViewer\icons\protextension.gif
C:\Program Files (x86)\EWSoftware\Sandcastle Help File Builder\PresentationStyles\VS2013\icons\protfield.gif -&gt; C:\Users\TimYo\Documents\Visual Studio 2015\Projects\SpriteLibrary\SpriteLibrary\Doc\Help\Working\Output\MSHelpViewer\icons\protfield.gif
C:\Program Files (x86)\EWSoftware\Sandcastle Help File Builder\PresentationStyles\VS2013\icons\protinterface.gif -&gt; C:\Users\TimYo\Documents\Visual Studio 2015\Projects\SpriteLibrary\SpriteLibrary\Doc\Help\Working\Output\MSHelpViewer\icons\protinterface.gif
C:\Program Files (x86)\EWSoftware\Sandcastle Help File Builder\PresentationStyles\VS2013\icons\protmethod.gif -&gt; C:\Users\TimYo\Documents\Visual Studio 2015\Projects\SpriteLibrary\SpriteLibrary\Doc\Help\Working\Output\MSHelpViewer\icons\protmethod.gif
C:\Program Files (x86)\EWSoftware\Sandcastle Help File Builder\PresentationStyles\VS2013\icons\protoperator.gif -&gt; C:\Users\TimYo\Documents\Visual Studio 2015\Projects\SpriteLibrary\SpriteLibrary\Doc\Help\Working\Output\MSHelpViewer\icons\protoperator.gif
C:\Program Files (x86)\EWSoftware\Sandcastle Help File Builder\PresentationStyles\VS2013\icons\protproperty.gif -&gt; C:\Users\TimYo\Documents\Visual Studio 2015\Projects\SpriteLibrary\SpriteLibrary\Doc\Help\Working\Output\MSHelpViewer\icons\protproperty.gif
C:\Program Files (x86)\EWSoftware\Sandcastle Help File Builder\PresentationStyles\VS2013\icons\protstructure.gif -&gt; C:\Users\TimYo\Documents\Visual Studio 2015\Projects\SpriteLibrary\SpriteLibrary\Doc\Help\Working\Output\MSHelpViewer\icons\protstructure.gif
C:\Program Files (x86)\EWSoftware\Sandcastle Help File Builder\PresentationStyles\VS2013\icons\pubclass.gif -&gt; C:\Users\TimYo\Documents\Visual Studio 2015\Projects\SpriteLibrary\SpriteLibrary\Doc\Help\Working\Output\MSHelpViewer\icons\pubclass.gif
C:\Program Files (x86)\EWSoftware\Sandcastle Help File Builder\PresentationStyles\VS2013\icons\pubdelegate.gif -&gt; C:\Users\TimYo\Documents\Visual Studio 2015\Projects\SpriteLibrary\SpriteLibrary\Doc\Help\Working\Output\MSHelpViewer\icons\pubdelegate.gif
C:\Program Files (x86)\EWSoftware\Sandcastle Help File Builder\PresentationStyles\VS2013\icons\pubenumeration.gif -&gt; C:\Users\TimYo\Documents\Visual Studio 2015\Projects\SpriteLibrary\SpriteLibrary\Doc\Help\Working\Output\MSHelpViewer\icons\pubenumeration.gif
C:\Program Files (x86)\EWSoftware\Sandcastle Help File Builder\PresentationStyles\VS2013\icons\pubevent.gif -&gt; C:\Users\TimYo\Documents\Visual Studio 2015\Projects\SpriteLibrary\SpriteLibrary\Doc\Help\Working\Output\MSHelpViewer\icons\pubevent.gif
C:\Program Files (x86)\EWSoftware\Sandcastle Help File Builder\PresentationStyles\VS2013\icons\pubextension.gif -&gt; C:\Users\TimYo\Documents\Visual Studio 2015\Projects\SpriteLibrary\SpriteLibrary\Doc\Help\Working\Output\MSHelpViewer\icons\pubextension.gif
C:\Program Files (x86)\EWSoftware\Sandcastle Help File Builder\PresentationStyles\VS2013\icons\pubfield.gif -&gt; C:\Users\TimYo\Documents\Visual Studio 2015\Projects\SpriteLibrary\SpriteLibrary\Doc\Help\Working\Output\MSHelpViewer\icons\pubfield.gif
C:\Program Files (x86)\EWSoftware\Sandcastle Help File Builder\PresentationStyles\VS2013\icons\pubinterface.gif -&gt; C:\Users\TimYo\Documents\Visual Studio 2015\Projects\SpriteLibrary\SpriteLibrary\Doc\Help\Working\Output\MSHelpViewer\icons\pubinterface.gif
C:\Program Files (x86)\EWSoftware\Sandcastle Help File Builder\PresentationStyles\VS2013\icons\pubmethod.gif -&gt; C:\Users\TimYo\Documents\Visual Studio 2015\Projects\SpriteLibrary\SpriteLibrary\Doc\Help\Working\Output\MSHelpViewer\icons\pubmethod.gif
C:\Program Files (x86)\EWSoftware\Sandcastle Help File Builder\PresentationStyles\VS2013\icons\puboperator.gif -&gt; C:\Users\TimYo\Documents\Visual Studio 2015\Projects\SpriteLibrary\SpriteLibrary\Doc\Help\Working\Output\MSHelpViewer\icons\puboperator.gif
C:\Program Files (x86)\EWSoftware\Sandcastle Help File Builder\PresentationStyles\VS2013\icons\pubproperty.gif -&gt; C:\Users\TimYo\Documents\Visual Studio 2015\Projects\SpriteLibrary\SpriteLibrary\Doc\Help\Working\Output\MSHelpViewer\icons\pubproperty.gif
C:\Program Files (x86)\EWSoftware\Sandcastle Help File Builder\PresentationStyles\VS2013\icons\pubstructure.gif -&gt; C:\Users\TimYo\Documents\Visual Studio 2015\Projects\SpriteLibrary\SpriteLibrary\Doc\Help\Working\Output\MSHelpViewer\icons\pubstructure.gif
C:\Program Files (x86)\EWSoftware\Sandcastle Help File Builder\PresentationStyles\VS2013\icons\SectionCollapsed.png -&gt; C:\Users\TimYo\Documents\Visual Studio 2015\Projects\SpriteLibrary\SpriteLibrary\Doc\Help\Working\Output\MSHelpViewer\icons\SectionCollapsed.png
C:\Program Files (x86)\EWSoftware\Sandcastle Help File Builder\PresentationStyles\VS2013\icons\SectionExpanded.png -&gt; C:\Users\TimYo\Documents\Visual Studio 2015\Projects\SpriteLibrary\SpriteLibrary\Doc\Help\Working\Output\MSHelpViewer\icons\SectionExpanded.png
C:\Program Files (x86)\EWSoftware\Sandcastle Help File Builder\PresentationStyles\VS2013\icons\slMobile.gif -&gt; C:\Users\TimYo\Documents\Visual Studio 2015\Projects\SpriteLibrary\SpriteLibrary\Doc\Help\Working\Output\MSHelpViewer\icons\slMobile.gif
C:\Program Files (x86)\EWSoftware\Sandcastle Help File Builder\PresentationStyles\VS2013\icons\static.gif -&gt; C:\Users\TimYo\Documents\Visual Studio 2015\Projects\SpriteLibrary\SpriteLibrary\Doc\Help\Working\Output\MSHelpViewer\icons\static.gif
C:\Program Files (x86)\EWSoftware\Sandcastle Help File Builder\PresentationStyles\VS2013\icons\xna.gif -&gt; C:\Users\TimYo\Documents\Visual Studio 2015\Projects\SpriteLibrary\SpriteLibrary\Doc\Help\Working\Output\MSHelpViewer\icons\xna.gif
C:\Program Files (x86)\EWSoftware\Sandcastle Help File Builder\PresentationStyles\VS2013\scripts\branding.js -&gt; C:\Users\TimYo\Documents\Visual Studio 2015\Projects\SpriteLibrary\SpriteLibrary\Doc\Help\Working\Output\MSHelpViewer\scripts\branding.js
C:\Program Files (x86)\EWSoftware\Sandcastle Help File Builder\PresentationStyles\VS2013\styles\branding-cs-CZ.css -&gt; C:\Users\TimYo\Documents\Visual Studio 2015\Projects\SpriteLibrary\SpriteLibrary\Doc\Help\Working\Output\MSHelpViewer\styles\branding-cs-CZ.css
C:\Program Files (x86)\EWSoftware\Sandcastle Help File Builder\PresentationStyles\VS2013\styles\branding-de-DE.css -&gt; C:\Users\TimYo\Documents\Visual Studio 2015\Projects\SpriteLibrary\SpriteLibrary\Doc\Help\Working\Output\MSHelpViewer\styles\branding-de-DE.css
C:\Program Files (x86)\EWSoftware\Sandcastle Help File Builder\PresentationStyles\VS2013\styles\branding-en-US.css -&gt; C:\Users\TimYo\Documents\Visual Studio 2015\Projects\SpriteLibrary\SpriteLibrary\Doc\Help\Working\Output\MSHelpViewer\styles\branding-en-US.css
C:\Program Files (x86)\EWSoftware\Sandcastle Help File Builder\PresentationStyles\VS2013\styles\branding-es-ES.css -&gt; C:\Users\TimYo\Documents\Visual Studio 2015\Projects\SpriteLibrary\SpriteLibrary\Doc\Help\Working\Output\MSHelpViewer\styles\branding-es-ES.css
C:\Program Files (x86)\EWSoftware\Sandcastle Help File Builder\PresentationStyles\VS2013\styles\branding-fr-FR.css -&gt; C:\Users\TimYo\Documents\Visual Studio 2015\Projects\SpriteLibrary\SpriteLibrary\Doc\Help\Working\Output\MSHelpViewer\styles\branding-fr-FR.css
C:\Program Files (x86)\EWSoftware\Sandcastle Help File Builder\PresentationStyles\VS2013\styles\branding-Help1.css -&gt; C:\Users\TimYo\Documents\Visual Studio 2015\Projects\SpriteLibrary\SpriteLibrary\Doc\Help\Working\Output\MSHelpViewer\styles\branding-Help1.css
C:\Program Files (x86)\EWSoftware\Sandcastle Help File Builder\PresentationStyles\VS2013\styles\branding-HelpViewer.css -&gt; C:\Users\TimYo\Documents\Visual Studio 2015\Projects\SpriteLibrary\SpriteLibrary\Doc\Help\Working\Output\MSHelpViewer\styles\branding-HelpViewer.css
C:\Program Files (x86)\EWSoftware\Sandcastle Help File Builder\PresentationStyles\VS2013\styles\branding-it-IT.css -&gt; C:\Users\TimYo\Documents\Visual Studio 2015\Projects\SpriteLibrary\SpriteLibrary\Doc\Help\Working\Output\MSHelpViewer\styles\branding-it-IT.css
C:\Program Files (x86)\EWSoftware\Sandcastle Help File Builder\PresentationStyles\VS2013\styles\branding-ja-JP.css -&gt; C:\Users\TimYo\Documents\Visual Studio 2015\Projects\SpriteLibrary\SpriteLibrary\Doc\Help\Working\Output\MSHelpViewer\styles\branding-ja-JP.css
C:\Program Files (x86)\EWSoftware\Sandcastle Help File Builder\PresentationStyles\VS2013\styles\branding-ko-KR.css -&gt; C:\Users\TimYo\Documents\Visual Studio 2015\Projects\SpriteLibrary\SpriteLibrary\Doc\Help\Working\Output\MSHelpViewer\styles\branding-ko-KR.css
C:\Program Files (x86)\EWSoftware\Sandcastle Help File Builder\PresentationStyles\VS2013\styles\branding-pl-PL.css -&gt; C:\Users\TimYo\Documents\Visual Studio 2015\Projects\SpriteLibrary\SpriteLibrary\Doc\Help\Working\Output\MSHelpViewer\styles\branding-pl-PL.css
C:\Program Files (x86)\EWSoftware\Sandcastle Help File Builder\PresentationStyles\VS2013\styles\branding-pt-BR.css -&gt; C:\Users\TimYo\Documents\Visual Studio 2015\Projects\SpriteLibrary\SpriteLibrary\Doc\Help\Working\Output\MSHelpViewer\styles\branding-pt-BR.css
C:\Program Files (x86)\EWSoftware\Sandcastle Help File Builder\PresentationStyles\VS2013\styles\branding-ru-RU.css -&gt; C:\Users\TimYo\Documents\Visual Studio 2015\Projects\SpriteLibrary\SpriteLibrary\Doc\Help\Working\Output\MSHelpViewer\styles\branding-ru-RU.css
C:\Program Files (x86)\EWSoftware\Sandcastle Help File Builder\PresentationStyles\VS2013\styles\branding-tr-TR.css -&gt; C:\Users\TimYo\Documents\Visual Studio 2015\Projects\SpriteLibrary\SpriteLibrary\Doc\Help\Working\Output\MSHelpViewer\styles\branding-tr-TR.css
C:\Program Files (x86)\EWSoftware\Sandcastle Help File Builder\PresentationStyles\VS2013\styles\branding-Website.css -&gt; C:\Users\TimYo\Documents\Visual Studio 2015\Projects\SpriteLibrary\SpriteLibrary\Doc\Help\Working\Output\MSHelpViewer\styles\branding-Website.css
C:\Program Files (x86)\EWSoftware\Sandcastle Help File Builder\PresentationStyles\VS2013\styles\branding-zh-CN.css -&gt; C:\Users\TimYo\Documents\Visual Studio 2015\Projects\SpriteLibrary\SpriteLibrary\Doc\Help\Working\Output\MSHelpViewer\styles\branding-zh-CN.css
C:\Program Files (x86)\EWSoftware\Sandcastle Help File Builder\PresentationStyles\VS2013\styles\branding-zh-TW.css -&gt; C:\Users\TimYo\Documents\Visual Studio 2015\Projects\SpriteLibrary\SpriteLibrary\Doc\Help\Working\Output\MSHelpViewer\styles\branding-zh-TW.css
C:\Program Files (x86)\EWSoftware\Sandcastle Help File Builder\PresentationStyles\VS2013\styles\branding.css -&gt; C:\Users\TimYo\Documents\Visual Studio 2015\Projects\SpriteLibrary\SpriteLibrary\Doc\Help\Working\Output\MSHelpViewer\styles\branding.css
C:\Program Files (x86)\EWSoftware\Sandcastle Help File Builder\PresentationStyles\VS2013\icons\AlertCaution.png -&gt; C:\Users\TimYo\Documents\Visual Studio 2015\Projects\SpriteLibrary\SpriteLibrary\Doc\Help\Working\Output\Website\icons\AlertCaution.png
C:\Program Files (x86)\EWSoftware\Sandcastle Help File Builder\PresentationStyles\VS2013\icons\AlertNote.png -&gt; C:\Users\TimYo\Documents\Visual Studio 2015\Projects\SpriteLibrary\SpriteLibrary\Doc\Help\Working\Output\Website\icons\AlertNote.png
C:\Program Files (x86)\EWSoftware\Sandcastle Help File Builder\PresentationStyles\VS2013\icons\AlertSecurity.png -&gt; C:\Users\TimYo\Documents\Visual Studio 2015\Projects\SpriteLibrary\SpriteLibrary\Doc\Help\Working\Output\Website\icons\AlertSecurity.png
C:\Program Files (x86)\EWSoftware\Sandcastle Help File Builder\PresentationStyles\VS2013\icons\CFW.gif -&gt; C:\Users\TimYo\Documents\Visual Studio 2015\Projects\SpriteLibrary\SpriteLibrary\Doc\Help\Working\Output\Website\icons\CFW.gif
C:\Program Files (x86)\EWSoftware\Sandcastle Help File Builder\PresentationStyles\VS2013\icons\CodeExample.png -&gt; C:\Users\TimYo\Documents\Visual Studio 2015\Projects\SpriteLibrary\SpriteLibrary\Doc\Help\Working\Output\Website\icons\CodeExample.png
C:\Program Files (x86)\EWSoftware\Sandcastle Help File Builder\PresentationStyles\VS2013\icons\favicon.ico -&gt; C:\Users\TimYo\Documents\Visual Studio 2015\Projects\SpriteLibrary\SpriteLibrary\Doc\Help\Working\Output\Website\icons\favicon.ico
C:\Program Files (x86)\EWSoftware\Sandcastle Help File Builder\PresentationStyles\VS2013\icons\privclass.gif -&gt; C:\Users\TimYo\Documents\Visual Studio 2015\Projects\SpriteLibrary\SpriteLibrary\Doc\Help\Working\Output\Website\icons\privclass.gif
C:\Program Files (x86)\EWSoftware\Sandcastle Help File Builder\PresentationStyles\VS2013\icons\privdelegate.gif -&gt; C:\Users\TimYo\Documents\Visual Studio 2015\Projects\SpriteLibrary\SpriteLibrary\Doc\Help\Working\Output\Website\icons\privdelegate.gif
C:\Program Files (x86)\EWSoftware\Sandcastle Help File Builder\PresentationStyles\VS2013\icons\privenumeration.gif -&gt; C:\Users\TimYo\Documents\Visual Studio 2015\Projects\SpriteLibrary\SpriteLibrary\Doc\Help\Working\Output\Website\icons\privenumeration.gif
C:\Program Files (x86)\EWSoftware\Sandcastle Help File Builder\PresentationStyles\VS2013\icons\privevent.gif -&gt; C:\Users\TimYo\Documents\Visual Studio 2015\Projects\SpriteLibrary\SpriteLibrary\Doc\Help\Working\Output\Website\icons\privevent.gif
C:\Program Files (x86)\EWSoftware\Sandcastle Help File Builder\PresentationStyles\VS2013\icons\privextension.gif -&gt; C:\Users\TimYo\Documents\Visual Studio 2015\Projects\SpriteLibrary\SpriteLibrary\Doc\Help\Working\Output\Website\icons\privextension.gif
C:\Program Files (x86)\EWSoftware\Sandcastle Help File Builder\PresentationStyles\VS2013\icons\privfield.gif -&gt; C:\Users\TimYo\Documents\Visual Studio 2015\Projects\SpriteLibrary\SpriteLibrary\Doc\Help\Working\Output\Website\icons\privfield.gif
C:\Program Files (x86)\EWSoftware\Sandcastle Help File Builder\PresentationStyles\VS2013\icons\privinterface.gif -&gt; C:\Users\TimYo\Documents\Visual Studio 2015\Projects\SpriteLibrary\SpriteLibrary\Doc\Help\Working\Output\Website\icons\privinterface.gif
C:\Program Files (x86)\EWSoftware\Sandcastle Help File Builder\PresentationStyles\VS2013\icons\privmethod.gif -&gt; C:\Users\TimYo\Documents\Visual Studio 2015\Projects\SpriteLibrary\SpriteLibrary\Doc\Help\Working\Output\Website\icons\privmethod.gif
C:\Program Files (x86)\EWSoftware\Sandcastle Help File Builder\PresentationStyles\VS2013\icons\privproperty.gif -&gt; C:\Users\TimYo\Documents\Visual Studio 2015\Projects\SpriteLibrary\SpriteLibrary\Doc\Help\Working\Output\Website\icons\privproperty.gif
C:\Program Files (x86)\EWSoftware\Sandcastle Help File Builder\PresentationStyles\VS2013\icons\privstructure.gif -&gt; C:\Users\TimYo\Documents\Visual Studio 2015\Projects\SpriteLibrary\SpriteLibrary\Doc\Help\Working\Output\Website\icons\privstructure.gif
C:\Program Files (x86)\EWSoftware\Sandcastle Help File Builder\PresentationStyles\VS2013\icons\protclass.gif -&gt; C:\Users\TimYo\Documents\Visual Studio 2015\Projects\SpriteLibrary\SpriteLibrary\Doc\Help\Working\Output\Website\icons\protclass.gif
C:\Program Files (x86)\EWSoftware\Sandcastle Help File Builder\PresentationStyles\VS2013\icons\protdelegate.gif -&gt; C:\Users\TimYo\Documents\Visual Studio 2015\Projects\SpriteLibrary\SpriteLibrary\Doc\Help\Working\Output\Website\icons\protdelegate.gif
C:\Program Files (x86)\EWSoftware\Sandcastle Help File Builder\PresentationStyles\VS2013\icons\protenumeration.gif -&gt; C:\Users\TimYo\Documents\Visual Studio 2015\Projects\SpriteLibrary\SpriteLibrary\Doc\Help\Working\Output\Website\icons\protenumeration.gif
C:\Program Files (x86)\EWSoftware\Sandcastle Help File Builder\PresentationStyles\VS2013\icons\protevent.gif -&gt; C:\Users\TimYo\Documents\Visual Studio 2015\Projects\SpriteLibrary\SpriteLibrary\Doc\Help\Working\Output\Website\icons\protevent.gif
C:\Program Files (x86)\EWSoftware\Sandcastle Help File Builder\PresentationStyles\VS2013\icons\protextension.gif -&gt; C:\Users\TimYo\Documents\Visual Studio 2015\Projects\SpriteLibrary\SpriteLibrary\Doc\Help\Working\Output\Website\icons\protextension.gif
C:\Program Files (x86)\EWSoftware\Sandcastle Help File Builder\PresentationStyles\VS2013\icons\protfield.gif -&gt; C:\Users\TimYo\Documents\Visual Studio 2015\Projects\SpriteLibrary\SpriteLibrary\Doc\Help\Working\Output\Website\icons\protfield.gif
C:\Program Files (x86)\EWSoftware\Sandcastle Help File Builder\PresentationStyles\VS2013\icons\protinterface.gif -&gt; C:\Users\TimYo\Documents\Visual Studio 2015\Projects\SpriteLibrary\SpriteLibrary\Doc\Help\Working\Output\Website\icons\protinterface.gif
C:\Program Files (x86)\EWSoftware\Sandcastle Help File Builder\PresentationStyles\VS2013\icons\protmethod.gif -&gt; C:\Users\TimYo\Documents\Visual Studio 2015\Projects\SpriteLibrary\SpriteLibrary\Doc\Help\Working\Output\Website\icons\protmethod.gif
C:\Program Files (x86)\EWSoftware\Sandcastle Help File Builder\PresentationStyles\VS2013\icons\protoperator.gif -&gt; C:\Users\TimYo\Documents\Visual Studio 2015\Projects\SpriteLibrary\SpriteLibrary\Doc\Help\Working\Output\Website\icons\protoperator.gif
C:\Program Files (x86)\EWSoftware\Sandcastle Help File Builder\PresentationStyles\VS2013\icons\protproperty.gif -&gt; C:\Users\TimYo\Documents\Visual Studio 2015\Projects\SpriteLibrary\SpriteLibrary\Doc\Help\Working\Output\Website\icons\protproperty.gif
C:\Program Files (x86)\EWSoftware\Sandcastle Help File Builder\PresentationStyles\VS2013\icons\protstructure.gif -&gt; C:\Users\TimYo\Documents\Visual Studio 2015\Projects\SpriteLibrary\SpriteLibrary\Doc\Help\Working\Output\Website\icons\protstructure.gif
C:\Program Files (x86)\EWSoftware\Sandcastle Help File Builder\PresentationStyles\VS2013\icons\pubclass.gif -&gt; C:\Users\TimYo\Documents\Visual Studio 2015\Projects\SpriteLibrary\SpriteLibrary\Doc\Help\Working\Output\Website\icons\pubclass.gif
C:\Program Files (x86)\EWSoftware\Sandcastle Help File Builder\PresentationStyles\VS2013\icons\pubdelegate.gif -&gt; C:\Users\TimYo\Documents\Visual Studio 2015\Projects\SpriteLibrary\SpriteLibrary\Doc\Help\Working\Output\Website\icons\pubdelegate.gif
C:\Program Files (x86)\EWSoftware\Sandcastle Help File Builder\PresentationStyles\VS2013\icons\pubenumeration.gif -&gt; C:\Users\TimYo\Documents\Visual Studio 2015\Projects\SpriteLibrary\SpriteLibrary\Doc\Help\Working\Output\Website\icons\pubenumeration.gif
C:\Program Files (x86)\EWSoftware\Sandcastle Help File Builder\PresentationStyles\VS2013\icons\pubevent.gif -&gt; C:\Users\TimYo\Documents\Visual Studio 2015\Projects\SpriteLibrary\SpriteLibrary\Doc\Help\Working\Output\Website\icons\pubevent.gif
C:\Program Files (x86)\EWSoftware\Sandcastle Help File Builder\PresentationStyles\VS2013\icons\pubextension.gif -&gt; C:\Users\TimYo\Documents\Visual Studio 2015\Projects\SpriteLibrary\SpriteLibrary\Doc\Help\Working\Output\Website\icons\pubextension.gif
C:\Program Files (x86)\EWSoftware\Sandcastle Help File Builder\PresentationStyles\VS2013\icons\pubfield.gif -&gt; C:\Users\TimYo\Documents\Visual Studio 2015\Projects\SpriteLibrary\SpriteLibrary\Doc\Help\Working\Output\Website\icons\pubfield.gif
C:\Program Files (x86)\EWSoftware\Sandcastle Help File Builder\PresentationStyles\VS2013\icons\pubinterface.gif -&gt; C:\Users\TimYo\Documents\Visual Studio 2015\Projects\SpriteLibrary\SpriteLibrary\Doc\Help\Working\Output\Website\icons\pubinterface.gif
C:\Program Files (x86)\EWSoftware\Sandcastle Help File Builder\PresentationStyles\VS2013\icons\pubmethod.gif -&gt; C:\Users\TimYo\Documents\Visual Studio 2015\Projects\SpriteLibrary\SpriteLibrary\Doc\Help\Working\Output\Website\icons\pubmethod.gif
C:\Program Files (x86)\EWSoftware\Sandcastle Help File Builder\PresentationStyles\VS2013\icons\puboperator.gif -&gt; C:\Users\TimYo\Documents\Visual Studio 2015\Projects\SpriteLibrary\SpriteLibrary\Doc\Help\Working\Output\Website\icons\puboperator.gif
C:\Program Files (x86)\EWSoftware\Sandcastle Help File Builder\PresentationStyles\VS2013\icons\pubproperty.gif -&gt; C:\Users\TimYo\Documents\Visual Studio 2015\Projects\SpriteLibrary\SpriteLibrary\Doc\Help\Working\Output\Website\icons\pubproperty.gif
C:\Program Files (x86)\EWSoftware\Sandcastle Help File Builder\PresentationStyles\VS2013\icons\pubstructure.gif -&gt; C:\Users\TimYo\Documents\Visual Studio 2015\Projects\SpriteLibrary\SpriteLibrary\Doc\Help\Working\Output\Website\icons\pubstructure.gif
C:\Program Files (x86)\EWSoftware\Sandcastle Help File Builder\PresentationStyles\VS2013\icons\SectionCollapsed.png -&gt; C:\Users\TimYo\Documents\Visual Studio 2015\Projects\SpriteLibrary\SpriteLibrary\Doc\Help\Working\Output\Website\icons\SectionCollapsed.png
C:\Program Files (x86)\EWSoftware\Sandcastle Help File Builder\PresentationStyles\VS2013\icons\SectionExpanded.png -&gt; C:\Users\TimYo\Documents\Visual Studio 2015\Projects\SpriteLibrary\SpriteLibrary\Doc\Help\Working\Output\Website\icons\SectionExpanded.png
C:\Program Files (x86)\EWSoftware\Sandcastle Help File Builder\PresentationStyles\VS2013\icons\slMobile.gif -&gt; C:\Users\TimYo\Documents\Visual Studio 2015\Projects\SpriteLibrary\SpriteLibrary\Doc\Help\Working\Output\Website\icons\slMobile.gif
C:\Program Files (x86)\EWSoftware\Sandcastle Help File Builder\PresentationStyles\VS2013\icons\static.gif -&gt; C:\Users\TimYo\Documents\Visual Studio 2015\Projects\SpriteLibrary\SpriteLibrary\Doc\Help\Working\Output\Website\icons\static.gif
C:\Program Files (x86)\EWSoftware\Sandcastle Help File Builder\PresentationStyles\VS2013\icons\xna.gif -&gt; C:\Users\TimYo\Documents\Visual Studio 2015\Projects\SpriteLibrary\SpriteLibrary\Doc\Help\Working\Output\Website\icons\xna.gif
C:\Program Files (x86)\EWSoftware\Sandcastle Help File Builder\PresentationStyles\VS2013\scripts\branding.js -&gt; C:\Users\TimYo\Documents\Visual Studio 2015\Projects\SpriteLibrary\SpriteLibrary\Doc\Help\Working\Output\Website\scripts\branding.js
C:\Program Files (x86)\EWSoftware\Sandcastle Help File Builder\PresentationStyles\VS2013\styles\branding-cs-CZ.css -&gt; C:\Users\TimYo\Documents\Visual Studio 2015\Projects\SpriteLibrary\SpriteLibrary\Doc\Help\Working\Output\Website\styles\branding-cs-CZ.css
C:\Program Files (x86)\EWSoftware\Sandcastle Help File Builder\PresentationStyles\VS2013\styles\branding-de-DE.css -&gt; C:\Users\TimYo\Documents\Visual Studio 2015\Projects\SpriteLibrary\SpriteLibrary\Doc\Help\Working\Output\Website\styles\branding-de-DE.css
C:\Program Files (x86)\EWSoftware\Sandcastle Help File Builder\PresentationStyles\VS2013\styles\branding-en-US.css -&gt; C:\Users\TimYo\Documents\Visual Studio 2015\Projects\SpriteLibrary\SpriteLibrary\Doc\Help\Working\Output\Website\styles\branding-en-US.css
C:\Program Files (x86)\EWSoftware\Sandcastle Help File Builder\PresentationStyles\VS2013\styles\branding-es-ES.css -&gt; C:\Users\TimYo\Documents\Visual Studio 2015\Projects\SpriteLibrary\SpriteLibrary\Doc\Help\Working\Output\Website\styles\branding-es-ES.css
C:\Program Files (x86)\EWSoftware\Sandcastle Help File Builder\PresentationStyles\VS2013\styles\branding-fr-FR.css -&gt; C:\Users\TimYo\Documents\Visual Studio 2015\Projects\SpriteLibrary\SpriteLibrary\Doc\Help\Working\Output\Website\styles\branding-fr-FR.css
C:\Program Files (x86)\EWSoftware\Sandcastle Help File Builder\PresentationStyles\VS2013\styles\branding-Help1.css -&gt; C:\Users\TimYo\Documents\Visual Studio 2015\Projects\SpriteLibrary\SpriteLibrary\Doc\Help\Working\Output\Website\styles\branding-Help1.css
C:\Program Files (x86)\EWSoftware\Sandcastle Help File Builder\PresentationStyles\VS2013\styles\branding-HelpViewer.css -&gt; C:\Users\TimYo\Documents\Visual Studio 2015\Projects\SpriteLibrary\SpriteLibrary\Doc\Help\Working\Output\Website\styles\branding-HelpViewer.css
C:\Program Files (x86)\EWSoftware\Sandcastle Help File Builder\PresentationStyles\VS2013\styles\branding-it-IT.css -&gt; C:\Users\TimYo\Documents\Visual Studio 2015\Projects\SpriteLibrary\SpriteLibrary\Doc\Help\Working\Output\Website\styles\branding-it-IT.css
C:\Program Files (x86)\EWSoftware\Sandcastle Help File Builder\PresentationStyles\VS2013\styles\branding-ja-JP.css -&gt; C:\Users\TimYo\Documents\Visual Studio 2015\Projects\SpriteLibrary\SpriteLibrary\Doc\Help\Working\Output\Website\styles\branding-ja-JP.css
C:\Program Files (x86)\EWSoftware\Sandcastle Help File Builder\PresentationStyles\VS2013\styles\branding-ko-KR.css -&gt; C:\Users\TimYo\Documents\Visual Studio 2015\Projects\SpriteLibrary\SpriteLibrary\Doc\Help\Working\Output\Website\styles\branding-ko-KR.css
C:\Program Files (x86)\EWSoftware\Sandcastle Help File Builder\PresentationStyles\VS2013\styles\branding-pl-PL.css -&gt; C:\Users\TimYo\Documents\Visual Studio 2015\Projects\SpriteLibrary\SpriteLibrary\Doc\Help\Working\Output\Website\styles\branding-pl-PL.css
C:\Program Files (x86)\EWSoftware\Sandcastle Help File Builder\PresentationStyles\VS2013\styles\branding-pt-BR.css -&gt; C:\Users\TimYo\Documents\Visual Studio 2015\Projects\SpriteLibrary\SpriteLibrary\Doc\Help\Working\Output\Website\styles\branding-pt-BR.css
C:\Program Files (x86)\EWSoftware\Sandcastle Help File Builder\PresentationStyles\VS2013\styles\branding-ru-RU.css -&gt; C:\Users\TimYo\Documents\Visual Studio 2015\Projects\SpriteLibrary\SpriteLibrary\Doc\Help\Working\Output\Website\styles\branding-ru-RU.css
C:\Program Files (x86)\EWSoftware\Sandcastle Help File Builder\PresentationStyles\VS2013\styles\branding-tr-TR.css -&gt; C:\Users\TimYo\Documents\Visual Studio 2015\Projects\SpriteLibrary\SpriteLibrary\Doc\Help\Working\Output\Website\styles\branding-tr-TR.css
C:\Program Files (x86)\EWSoftware\Sandcastle Help File Builder\PresentationStyles\VS2013\styles\branding-Website.css -&gt; C:\Users\TimYo\Documents\Visual Studio 2015\Projects\SpriteLibrary\SpriteLibrary\Doc\Help\Working\Output\Website\styles\branding-Website.css
C:\Program Files (x86)\EWSoftware\Sandcastle Help File Builder\PresentationStyles\VS2013\styles\branding-zh-CN.css -&gt; C:\Users\TimYo\Documents\Visual Studio 2015\Projects\SpriteLibrary\SpriteLibrary\Doc\Help\Working\Output\Website\styles\branding-zh-CN.css
C:\Program Files (x86)\EWSoftware\Sandcastle Help File Builder\PresentationStyles\VS2013\styles\branding-zh-TW.css -&gt; C:\Users\TimYo\Documents\Visual Studio 2015\Projects\SpriteLibrary\SpriteLibrary\Doc\Help\Working\Output\Website\styles\branding-zh-TW.css
C:\Program Files (x86)\EWSoftware\Sandcastle Help File Builder\PresentationStyles\VS2013\styles\branding.css -&gt; C:\Users\TimYo\Documents\Visual Studio 2015\Projects\SpriteLibrary\SpriteLibrary\Doc\Help\Working\Output\Website\styles\branding.css
C:\Program Files (x86)\EWSoftware\Sandcastle Help File Builder\PresentationStyles\VS2013\Web\index.html -&gt; C:\Users\TimYo\Documents\Visual Studio 2015\Projects\SpriteLibrary\SpriteLibrary\Doc\Help\Working\Output\Website\index.html
C:\Program Files (x86)\EWSoftware\Sandcastle Help File Builder\PresentationStyles\VS2013\Web\search.html -&gt; C:\Users\TimYo\Documents\Visual Studio 2015\Projects\SpriteLibrary\SpriteLibrary\Doc\Help\Working\Output\Website\search.html
C:\Program Files (x86)\EWSoftware\Sandcastle Help File Builder\PresentationStyles\VS2013\Web\SearchHelp.aspx -&gt; C:\Users\TimYo\Documents\Visual Studio 2015\Projects\SpriteLibrary\SpriteLibrary\Doc\Help\Working\Output\Website\SearchHelp.aspx
C:\Program Files (x86)\EWSoftware\Sandcastle Help File Builder\PresentationStyles\VS2013\Web\SearchHelp.inc.php -&gt; C:\Users\TimYo\Documents\Visual Studio 2015\Projects\SpriteLibrary\SpriteLibrary\Doc\Help\Working\Output\Website\SearchHelp.inc.php
C:\Program Files (x86)\EWSoftware\Sandcastle Help File Builder\PresentationStyles\VS2013\Web\SearchHelp.php -&gt; C:\Users\TimYo\Documents\Visual Studio 2015\Projects\SpriteLibrary\SpriteLibrary\Doc\Help\Working\Output\Website\SearchHelp.php
C:\Program Files (x86)\EWSoftware\Sandcastle Help File Builder\PresentationStyles\VS2013\Web\Web.Config -&gt; C:\Users\TimYo\Documents\Visual Studio 2015\Projects\SpriteLibrary\SpriteLibrary\Doc\Help\Working\Output\Website\Web.Config
C:\Program Files (x86)\EWSoftware\Sandcastle Help File Builder\PresentationStyles\VS2013\Web\html\GeneralError.htm -&gt; C:\Users\TimYo\Documents\Visual Studio 2015\Projects\SpriteLibrary\SpriteLibrary\Doc\Help\Working\Output\Website\html\GeneralError.htm
C:\Program Files (x86)\EWSoftware\Sandcastle Help File Builder\PresentationStyles\VS2013\Web\html\PageNotFound.htm -&gt; C:\Users\TimYo\Documents\Visual Studio 2015\Projects\SpriteLibrary\SpriteLibrary\Doc\Help\Working\Output\Website\html\PageNotFound.htm
C:\Program Files (x86)\EWSoftware\Sandcastle Help File Builder\PresentationStyles\VS2013\Web\icons\Search.png -&gt; C:\Users\TimYo\Documents\Visual Studio 2015\Projects\SpriteLibrary\SpriteLibrary\Doc\Help\Working\Output\Website\icons\Search.png
C:\Program Files (x86)\EWSoftware\Sandcastle Help File Builder\PresentationStyles\VS2013\Web\icons\TocClose.gif -&gt; C:\Users\TimYo\Documents\Visual Studio 2015\Projects\SpriteLibrary\SpriteLibrary\Doc\Help\Working\Output\Website\icons\TocClose.gif
C:\Program Files (x86)\EWSoftware\Sandcastle Help File Builder\PresentationStyles\VS2013\Web\icons\TocCollapsed.gif -&gt; C:\Users\TimYo\Documents\Visual Studio 2015\Projects\SpriteLibrary\SpriteLibrary\Doc\Help\Working\Output\Website\icons\TocCollapsed.gif
C:\Program Files (x86)\EWSoftware\Sandcastle Help File Builder\PresentationStyles\VS2013\Web\icons\TocExpanded.gif -&gt; C:\Users\TimYo\Documents\Visual Studio 2015\Projects\SpriteLibrary\SpriteLibrary\Doc\Help\Working\Output\Website\icons\TocExpanded.gif
C:\Program Files (x86)\EWSoftware\Sandcastle Help File Builder\PresentationStyles\VS2013\Web\icons\TocOpen.gif -&gt; C:\Users\TimYo\Documents\Visual Studio 2015\Projects\SpriteLibrary\SpriteLibrary\Doc\Help\Working\Output\Website\icons\TocOpen.gif
C:\Program Files (x86)\EWSoftware\Sandcastle Help File Builder\PresentationStyles\VS2013\Web\scripts\branding-Website.js -&gt; C:\Users\TimYo\Documents\Visual Studio 2015\Projects\SpriteLibrary\SpriteLibrary\Doc\Help\Working\Output\Website\scripts\branding-Website.js
C:\Program Files (x86)\EWSoftware\Sandcastle Help File Builder\PresentationStyles\VS2013\Web\scripts\clipboard.min.js -&gt; C:\Users\TimYo\Documents\Visual Studio 2015\Projects\SpriteLibrary\SpriteLibrary\Doc\Help\Working\Output\Website\scripts\clipboard.min.js
C:\Program Files (x86)\EWSoftware\Sandcastle Help File Builder\PresentationStyles\VS2013\Web\scripts\jquery-1.11.0.min.js -&gt; C:\Users\TimYo\Documents\Visual Studio 2015\Projects\SpriteLibrary\SpriteLibrary\Doc\Help\Working\Output\Website\scripts\jquery-1.11.0.min.js
    Last step completed in 00:00:01.8374
</buildStep>
<buildStep step="GenerateHelpFormatTableOfContents">
Executing informational Generate Table of Contents build step for plug-ins (not used for MS Help Viewer)
    Last step completed in 00:00:00.0020
</buildStep>
<buildStep step="GenerateHelpProject">
Executing informational Generate Help Project build step for plug-ins (not used for MS Help Viewer)
    Last step completed in 00:00:00.0030
</buildStep>
<buildStep step="CompilingHelpFile">
Generating MS Help Viewer file...
[C:\Program Files (x86)\MSBuild\14.0\bin\amd64\MSBuild.exe - BuildHelpViewerFile.proj]
  Compressing help content files...
  Compression finished.  317 items added
  Saving C:\Users\TimYo\Documents\Visual Studio 2015\Projects\SpriteLibrary\SpriteLibrary\Doc\Help\Documentation.mshc...
  Finished saving C:\Users\TimYo\Documents\Visual Studio 2015\Projects\SpriteLibrary\SpriteLibrary\Doc\Help\Documentation.mshc
  Compressed 4 folders, 313 files.  Reduced size by 1,353,837 bytes (72%).
    Last step completed in 00:00:00.5584
</buildStep>
<buildStep step="GenerateHelpFormatTableOfContents">
Generating website table of contents file...
    Last step completed in 00:00:00.0020
</buildStep>
<buildStep step="GenerateFullTextIndex">
Generating full-text index for the website...

<plugIn name="Lightweight Website Style" behavior="After" priority="1000">
Adding lightweight search and TOC elements to each topic...
</plugIn>    Last step completed in 00:00:00.3122
</buildStep>
<buildStep step="CopyingWebsiteFiles">
Copying website files to output folder...

Copied 390 files for the website content
    Last step completed in 00:00:00.7506
</buildStep>
<buildStep step="CleanIntermediates">
Removing intermediate files...
    Last step completed in 00:00:00.7415
</buildStep>
<buildStep step="Completed">

Build completed successfully at 9/25/2017 6:38:38 PM.  Total time: 00:00:14.5266

</buildStep>
</shfbBuild>
